<?xml version="1.0" encoding="UTF-8"?>
<!-- Generated by org.testng.reporters.JUnitReportReporter -->
<testsuite hostname="ellesiri" failures="0" tests="3" name="api.test.Loggerinfo2" time="3.590" errors="0" timestamp="2024-05-20T13:04:09 IST" skipped="0">
  <testcase classname="api.test.Loggerinfo2" name="testPost" time="1.172"/>
  <testcase classname="api.test.Loggerinfo2" name="testGetUserByName" time="1.208"/>
  <testcase classname="api.test.Loggerinfo2" name="testDeleteUserByName" time="1.210"/>
</testsuite> <!-- api.test.Loggerinfo2 -->
