<?xml version="1.0" encoding="UTF-8"?>
<!-- Generated by org.testng.reporters.JUnitReportReporter -->
<testsuite hostname="ellesiri" failures="0" tests="6" name="api.test.DataDrivenTests" time="9.251" errors="0" timestamp="2024-05-20T13:04:09 IST" skipped="0">
  <testcase classname="api.test.DataDrivenTests" name="testPostuser" time="2.548"/>
  <testcase classname="api.test.DataDrivenTests" name="testPostuser" time="1.402"/>
  <testcase classname="api.test.DataDrivenTests" name="testPostuser" time="1.406"/>
  <testcase classname="api.test.DataDrivenTests" name="testDeleteuserByName" time="1.233"/>
  <testcase classname="api.test.DataDrivenTests" name="testDeleteuserByName" time="1.412"/>
  <testcase classname="api.test.DataDrivenTests" name="testDeleteuserByName" time="1.250"/>
</testsuite> <!-- api.test.DataDrivenTests -->
