<?xml version="1.0" encoding="UTF-8"?>
<!-- Generated by org.testng.reporters.JUnitReportReporter -->
<testsuite hostname="ellesiri" failures="0" tests="3" name="api.test.Loggerinfo" time="4.600" errors="0" timestamp="2024-05-20T12:26:07 IST" skipped="0">
  <testcase classname="api.test.Loggerinfo" name="testPost" time="1.552"/>
  <testcase classname="api.test.Loggerinfo" name="testGetUserByName" time="1.509"/>
  <testcase classname="api.test.Loggerinfo" name="testDeleteUserByName" time="1.539"/>
</testsuite> <!-- api.test.Loggerinfo -->
