<?xml version="1.0" encoding="UTF-8"?>
<!-- Generated by org.testng.reporters.JUnitReportReporter -->
<testsuite hostname="ellesiri" failures="0" tests="3" name="api.test.UserTests" time="4.371" errors="0" timestamp="2024-05-20T11:32:55 IST" skipped="0">
  <testcase classname="api.test.UserTests" name="testPostUser" time="1.530"/>
  <testcase classname="api.test.UserTests" name="testGetUserByName" time="1.413"/>
  <testcase classname="api.test.UserTests" name="testDeleteUserByName" time="1.428"/>
</testsuite> <!-- api.test.UserTests -->
