<?xml version="1.0" encoding="UTF-8"?>
<!-- Generated by org.testng.reporters.JUnitReportReporter -->
<testsuite hostname="ellesiri" failures="0" tests="6" name="api.test.DataDrivenTests" time="8.023" errors="0" timestamp="2024-05-20T13:44:59 IST" skipped="0">
  <testcase classname="api.test.DataDrivenTests" name="testPostuser" time="2.276"/>
  <testcase classname="api.test.DataDrivenTests" name="testPostuser" time="1.155"/>
  <testcase classname="api.test.DataDrivenTests" name="testPostuser" time="1.159"/>
  <testcase classname="api.test.DataDrivenTests" name="testDeleteuserByName" time="1.128"/>
  <testcase classname="api.test.DataDrivenTests" name="testDeleteuserByName" time="1.184"/>
  <testcase classname="api.test.DataDrivenTests" name="testDeleteuserByName" time="1.121"/>
</testsuite> <!-- api.test.DataDrivenTests -->
