<?xml version="1.0" encoding="UTF-8"?>
<!-- Generated by org.testng.reporters.JUnitReportReporter -->
<testsuite hostname="ellesiri" failures="0" tests="3" name="api.test.UserTests" time="3.635" errors="0" timestamp="2024-05-20T13:20:09 IST" skipped="0">
  <testcase classname="api.test.UserTests" name="testPostUser" time="1.191"/>
  <testcase classname="api.test.UserTests" name="testGetUserByName" time="1.255"/>
  <testcase classname="api.test.UserTests" name="testDeleteUserByName" time="1.189"/>
</testsuite> <!-- api.test.UserTests -->
