<?xml version="1.0" encoding="UTF-8"?>
<!-- Generated by org.testng.reporters.JUnitReportReporter -->
<testsuite hostname="ellesiri" failures="0" tests="3" name="api.test.Loggerinfo2" time="3.516" errors="0" timestamp="2024-05-20T13:44:59 IST" skipped="0">
  <testcase classname="api.test.Loggerinfo2" name="testPost" time="1.204"/>
  <testcase classname="api.test.Loggerinfo2" name="testGetUserByName" time="1.143"/>
  <testcase classname="api.test.Loggerinfo2" name="testDeleteUserByName" time="1.169"/>
</testsuite> <!-- api.test.Loggerinfo2 -->
